Determining if the pthread_create exist failed with the following output:
Change Dir: /home/bart/workspace/AERO/build/CMakeFiles/CMakeTmp

Run Build Command:"/usr/bin/make" "cmTC_df671/fast"
/usr/bin/make -f CMakeFiles/cmTC_df671.dir/build.make CMakeFiles/cmTC_df671.dir/build
make[1]: Entering directory '/home/bart/workspace/AERO/build/CMakeFiles/CMakeTmp'
Building C object CMakeFiles/cmTC_df671.dir/CheckSymbolExists.c.o
/usr/bin/cc     -o CMakeFiles/cmTC_df671.dir/CheckSymbolExists.c.o   -c /home/bart/workspace/AERO/build/CMakeFiles/CMakeTmp/CheckSymbolExists.c
Linking C executable cmTC_df671
/usr/bin/cmake -E cmake_link_script CMakeFiles/cmTC_df671.dir/link.txt --verbose=1
/usr/bin/cc       CMakeFiles/cmTC_df671.dir/CheckSymbolExists.c.o  -o cmTC_df671 -rdynamic 
CMakeFiles/cmTC_df671.dir/CheckSymbolExists.c.o: In function `main':
CheckSymbolExists.c:(.text+0x16): undefined reference to `pthread_create'
collect2: error: ld returned 1 exit status
CMakeFiles/cmTC_df671.dir/build.make:97: recipe for target 'cmTC_df671' failed
make[1]: *** [cmTC_df671] Error 1
make[1]: Leaving directory '/home/bart/workspace/AERO/build/CMakeFiles/CMakeTmp'
Makefile:126: recipe for target 'cmTC_df671/fast' failed
make: *** [cmTC_df671/fast] Error 2

File /home/bart/workspace/AERO/build/CMakeFiles/CMakeTmp/CheckSymbolExists.c:
/* */
#include <pthread.h>

int main(int argc, char** argv)
{
  (void)argv;
#ifndef pthread_create
  return ((int*)(&pthread_create))[argc];
#else
  (void)argc;
  return 0;
#endif
}

Determining if the function pthread_create exists in the pthreads failed with the following output:
Change Dir: /home/bart/workspace/AERO/build/CMakeFiles/CMakeTmp

Run Build Command:"/usr/bin/make" "cmTC_a2cbf/fast"
/usr/bin/make -f CMakeFiles/cmTC_a2cbf.dir/build.make CMakeFiles/cmTC_a2cbf.dir/build
make[1]: Entering directory '/home/bart/workspace/AERO/build/CMakeFiles/CMakeTmp'
Building C object CMakeFiles/cmTC_a2cbf.dir/CheckFunctionExists.c.o
/usr/bin/cc    -DCHECK_FUNCTION_EXISTS=pthread_create   -o CMakeFiles/cmTC_a2cbf.dir/CheckFunctionExists.c.o   -c /usr/share/cmake-3.5/Modules/CheckFunctionExists.c
Linking C executable cmTC_a2cbf
/usr/bin/cmake -E cmake_link_script CMakeFiles/cmTC_a2cbf.dir/link.txt --verbose=1
/usr/bin/cc   -DCHECK_FUNCTION_EXISTS=pthread_create    CMakeFiles/cmTC_a2cbf.dir/CheckFunctionExists.c.o  -o cmTC_a2cbf -rdynamic -lpthreads 
/usr/bin/ld: cannot find -lpthreads
collect2: error: ld returned 1 exit status
CMakeFiles/cmTC_a2cbf.dir/build.make:97: recipe for target 'cmTC_a2cbf' failed
make[1]: *** [cmTC_a2cbf] Error 1
make[1]: Leaving directory '/home/bart/workspace/AERO/build/CMakeFiles/CMakeTmp'
Makefile:126: recipe for target 'cmTC_a2cbf/fast' failed
make: *** [cmTC_a2cbf/fast] Error 2


